{"total": {"lines":{"total":835,"covered":347,"skipped":0,"pct":41.55},"statements":{"total":835,"covered":347,"skipped":0,"pct":41.55},"functions":{"total":29,"covered":3,"skipped":0,"pct":10.34},"branches":{"total":24,"covered":6,"skipped":0,"pct":25},"branchesTrue":{"total":0,"covered":0,"skipped":0,"pct":100}}
,"/Users/mair/Practice/docker_course/acquisitions/src/app.js": {"lines":{"total":57,"covered":55,"skipped":0,"pct":96.49},"functions":{"total":1,"covered":1,"skipped":0,"pct":100},"statements":{"total":57,"covered":55,"skipped":0,"pct":96.49},"branches":{"total":4,"covered":4,"skipped":0,"pct":100}}
,"/Users/mair/Practice/docker_course/acquisitions/src/config/arcjet.js": {"lines":{"total":27,"covered":27,"skipped":0,"pct":100},"functions":{"total":0,"covered":0,"skipped":0,"pct":100},"statements":{"total":27,"covered":27,"skipped":0,"pct":100},"branches":{"total":1,"covered":0,"skipped":0,"pct":0}}
,"/Users/mair/Practice/docker_course/acquisitions/src/config/database.js": {"lines":{"total":31,"covered":22,"skipped":0,"pct":70.96},"functions":{"total":0,"covered":0,"skipped":0,"pct":100},"statements":{"total":31,"covered":22,"skipped":0,"pct":70.96},"branches":{"total":3,"covered":0,"skipped":0,"pct":0}}
,"/Users/mair/Practice/docker_course/acquisitions/src/config/logger.js": {"lines":{"total":28,"covered":28,"skipped":0,"pct":100},"functions":{"total":0,"covered":0,"skipped":0,"pct":100},"statements":{"total":28,"covered":28,"skipped":0,"pct":100},"branches":{"total":1,"covered":0,"skipped":0,"pct":0}}
,"/Users/mair/Practice/docker_course/acquisitions/src/controllers/auth.controller.js": {"lines":{"total":104,"covered":16,"skipped":0,"pct":15.38},"functions":{"total":3,"covered":0,"skipped":0,"pct":0},"statements":{"total":104,"covered":16,"skipped":0,"pct":15.38},"branches":{"total":0,"covered":0,"skipped":0,"pct":100}}
,"/Users/mair/Practice/docker_course/acquisitions/src/controllers/users.controller.js": {"lines":{"total":137,"covered":21,"skipped":0,"pct":15.32},"functions":{"total":4,"covered":0,"skipped":0,"pct":0},"statements":{"total":137,"covered":21,"skipped":0,"pct":15.32},"branches":{"total":0,"covered":0,"skipped":0,"pct":100}}
,"/Users/mair/Practice/docker_course/acquisitions/src/middleware/auth.middleware.js": {"lines":{"total":46,"covered":13,"skipped":0,"pct":28.26},"functions":{"total":4,"covered":1,"skipped":0,"pct":25},"statements":{"total":46,"covered":13,"skipped":0,"pct":28.26},"branches":{"total":1,"covered":1,"skipped":0,"pct":100}}
,"/Users/mair/Practice/docker_course/acquisitions/src/middleware/security.middleware.js": {"lines":{"total":90,"covered":44,"skipped":0,"pct":48.88},"functions":{"total":1,"covered":1,"skipped":0,"pct":100},"statements":{"total":90,"covered":44,"skipped":0,"pct":48.88},"branches":{"total":14,"covered":1,"skipped":0,"pct":7.14}}
,"/Users/mair/Practice/docker_course/acquisitions/src/models/users.model.js": {"lines":{"total":11,"covered":11,"skipped":0,"pct":100},"functions":{"total":0,"covered":0,"skipped":0,"pct":100},"statements":{"total":11,"covered":11,"skipped":0,"pct":100},"branches":{"total":0,"covered":0,"skipped":0,"pct":100}}
,"/Users/mair/Practice/docker_course/acquisitions/src/routes/auth.routes.js": {"lines":{"total":10,"covered":10,"skipped":0,"pct":100},"functions":{"total":0,"covered":0,"skipped":0,"pct":100},"statements":{"total":10,"covered":10,"skipped":0,"pct":100},"branches":{"total":0,"covered":0,"skipped":0,"pct":100}}
,"/Users/mair/Practice/docker_course/acquisitions/src/routes/users.routes.js": {"lines":{"total":19,"covered":19,"skipped":0,"pct":100},"functions":{"total":0,"covered":0,"skipped":0,"pct":100},"statements":{"total":19,"covered":19,"skipped":0,"pct":100},"branches":{"total":0,"covered":0,"skipped":0,"pct":100}}
,"/Users/mair/Practice/docker_course/acquisitions/src/services/auth.service.js": {"lines":{"total":97,"covered":16,"skipped":0,"pct":16.49},"functions":{"total":5,"covered":0,"skipped":0,"pct":0},"statements":{"total":97,"covered":16,"skipped":0,"pct":16.49},"branches":{"total":0,"covered":0,"skipped":0,"pct":100}}
,"/Users/mair/Practice/docker_course/acquisitions/src/services/users.services.js": {"lines":{"total":92,"covered":22,"skipped":0,"pct":23.91},"functions":{"total":4,"covered":0,"skipped":0,"pct":0},"statements":{"total":92,"covered":22,"skipped":0,"pct":23.91},"branches":{"total":0,"covered":0,"skipped":0,"pct":100}}
,"/Users/mair/Practice/docker_course/acquisitions/src/utils/cookies.js": {"lines":{"total":17,"covered":9,"skipped":0,"pct":52.94},"functions":{"total":4,"covered":0,"skipped":0,"pct":0},"statements":{"total":17,"covered":9,"skipped":0,"pct":52.94},"branches":{"total":0,"covered":0,"skipped":0,"pct":100}}
,"/Users/mair/Practice/docker_course/acquisitions/src/utils/errors.js": {"lines":{"total":31,"covered":4,"skipped":0,"pct":12.9},"functions":{"total":1,"covered":0,"skipped":0,"pct":0},"statements":{"total":31,"covered":4,"skipped":0,"pct":12.9},"branches":{"total":0,"covered":0,"skipped":0,"pct":100}}
,"/Users/mair/Practice/docker_course/acquisitions/src/utils/format.js": {"lines":{"total":9,"covered":1,"skipped":0,"pct":11.11},"functions":{"total":1,"covered":0,"skipped":0,"pct":0},"statements":{"total":9,"covered":1,"skipped":0,"pct":11.11},"branches":{"total":0,"covered":0,"skipped":0,"pct":100}}
,"/Users/mair/Practice/docker_course/acquisitions/src/validations/auth.validation.js": {"lines":{"total":13,"covered":13,"skipped":0,"pct":100},"functions":{"total":0,"covered":0,"skipped":0,"pct":100},"statements":{"total":13,"covered":13,"skipped":0,"pct":100},"branches":{"total":0,"covered":0,"skipped":0,"pct":100}}
,"/Users/mair/Practice/docker_course/acquisitions/src/validations/users.validation.js": {"lines":{"total":16,"covered":16,"skipped":0,"pct":100},"functions":{"total":1,"covered":0,"skipped":0,"pct":0},"statements":{"total":16,"covered":16,"skipped":0,"pct":100},"branches":{"total":0,"covered":0,"skipped":0,"pct":100}}
}
